<?xml version="1.0" encoding="UTF-8"?>
<!-- Generated by org.testng.reporters.JUnitXMLReporter -->
<testsuite hostname="Bingo" ignored="0" name="IOS Calc Test" tests="2" failures="0" timestamp="18 Apr 2018 01:55:42 GMT" time="0.248" errors="0">
  <testcase name="Appium Example Scenario" time="0.173" classname="com.qmetry.qaf.automation.step.client.Scenario">
    <skipped/>
  </testcase> <!-- Appium Example Scenario -->
  <testcase name="Appium Example Scenario 2" time="0.019" classname="com.qmetry.qaf.automation.step.client.Scenario">
    <skipped/>
  </testcase> <!-- Appium Example Scenario 2 -->
</testsuite> <!-- IOS Calc Test -->
